<?xml version="1.0" encoding="utf-8"?><testsuites name="pytest tests"><testsuite name="pytest" errors="0" failures="0" skipped="0" tests="31" time="13.959" timestamp="2026-06-14T17:25:10.652092+00:00" hostname="agent-env-06bf6257-6e77-4bd9-ba9c-1e2b3399eb66"><testcase classname="backend.tests.test_velora_api" name="test_health" time="0.126" /><testcase classname="backend.tests.test_velora_api.TestAuth" name="test_register_and_user_object" time="0.273" /><testcase classname="backend.tests.test_velora_api.TestAuth" name="test_register_duplicate" time="0.043" /><testcase classname="backend.tests.test_velora_api.TestAuth" name="test_login_success" time="0.265" /><testcase classname="backend.tests.test_velora_api.TestAuth" name="test_login_invalid" time="0.268" /><testcase classname="backend.tests.test_velora_api.TestAuth" name="test_guest" time="0.044" /><testcase classname="backend.tests.test_velora_api.TestAuth" name="test_me_authenticated" time="0.042" /><testcase classname="backend.tests.test_velora_api.TestAuth" name="test_me_unauthenticated" time="0.043" /><testcase classname="backend.tests.test_velora_api.TestOnboarding" name="test_submit_onboarding" time="0.044" /><testcase classname="backend.tests.test_velora_api.TestMood" name="test_log_and_list_mood" time="0.128" /><testcase classname="backend.tests.test_velora_api.TestMood" name="test_mood_analytics" time="0.087" /><testcase classname="backend.tests.test_velora_api.TestJournal" name="test_create_journal_with_sentiment" time="2.132" /><testcase classname="backend.tests.test_velora_api.TestJournal" name="test_list_journals" time="0.045" /><testcase classname="backend.tests.test_velora_api.TestJournal" name="test_search_journals" time="0.042" /><testcase classname="backend.tests.test_velora_api.TestJournal" name="test_delete_journal" time="0.087" /><testcase classname="backend.tests.test_velora_api.TestHabits" name="test_list_seeds_defaults" time="0.046" /><testcase classname="backend.tests.test_velora_api.TestHabits" name="test_create_habit" time="0.044" /><testcase classname="backend.tests.test_velora_api.TestHabits" name="test_toggle_habit" time="0.088" /><testcase classname="backend.tests.test_velora_api.TestHabits" name="test_delete_habit" time="0.040" /><testcase classname="backend.tests.test_velora_api.TestChat" name="test_chat_send_stream" time="1.599" /><testcase classname="backend.tests.test_velora_api.TestChat" name="test_chat_messages_history" time="1.045" /><testcase classname="backend.tests.test_velora_api.TestVoice" name="test_transcribe_no_file" time="0.123" /><testcase classname="backend.tests.test_velora_api.TestVoice" name="test_tts" time="1.889" /><testcase classname="backend.tests.test_velora_api.TestAssessments" name="test_categories" time="0.046" /><testcase classname="backend.tests.test_velora_api.TestAssessments" name="test_questions" time="0.043" /><testcase classname="backend.tests.test_velora_api.TestAssessments" name="test_submit" time="0.044" /><testcase classname="backend.tests.test_velora_api.TestSleep" name="test_create_and_list" time="0.099" /><testcase classname="backend.tests.test_velora_api.TestSessions" name="test_log_session" time="0.045" /><testcase classname="backend.tests.test_velora_api.TestDashboard" name="test_dashboard" time="0.045" /><testcase classname="backend.tests.test_velora_api.TestDashboard" name="test_insights" time="4.936" /><testcase classname="backend.tests.test_velora_api.TestEmergency" name="test_emergency_resources" time="0.047" /></testsuite></testsuites>